2023-07-25T12:46:28.517-04:00  INFO 13465 --- [restartedMain] com.mz.bdleather.BdLeatherApplication    : Starting BdLeatherApplication using Java 17.0.7 with PID 13465 (/Users/amzadhossain/git/business_site/target/classes started by amzadhossain in /Users/amzadhossain/git/business_site)
2023-07-25T12:46:28.526-04:00 DEBUG 13465 --- [restartedMain] com.mz.bdleather.BdLeatherApplication    : Running with Spring Boot v3.1.1, Spring v6.0.10
2023-07-25T12:46:28.532-04:00  INFO 13465 --- [restartedMain] com.mz.bdleather.BdLeatherApplication    : The following 1 profile is active: "dev"
2023-07-25T12:46:28.612-04:00  INFO 13465 --- [restartedMain] .e.DevToolsPropertyDefaultsPostProcessor : Devtools property defaults active! Set 'spring.devtools.add-properties' to 'false' to disable
2023-07-25T12:46:28.612-04:00  INFO 13465 --- [restartedMain] .e.DevToolsPropertyDefaultsPostProcessor : For additional web related logging consider setting the 'logging.level.web' property to 'DEBUG'
2023-07-25T12:46:29.478-04:00  INFO 13465 --- [restartedMain] .s.d.r.c.RepositoryConfigurationDelegate : Bootstrapping Spring Data JPA repositories in DEFAULT mode.
2023-07-25T12:46:29.587-04:00  INFO 13465 --- [restartedMain] .s.d.r.c.RepositoryConfigurationDelegate : Finished Spring Data repository scanning in 102 ms. Found 3 JPA repository interfaces.
2023-07-25T12:46:30.403-04:00  INFO 13465 --- [restartedMain] o.s.b.w.embedded.tomcat.TomcatWebServer  : Tomcat initialized with port(s): 8080 (http)
2023-07-25T12:46:30.465-04:00  INFO 13465 --- [restartedMain] w.s.c.ServletWebServerApplicationContext : Root WebApplicationContext: initialization completed in 1853 ms
2023-07-25T12:46:30.829-04:00  INFO 13465 --- [restartedMain] o.s.o.j.p.SpringPersistenceUnitInfo      : No LoadTimeWeaver setup: ignoring JPA class transformer
2023-07-25T12:46:31.588-04:00  INFO 13465 --- [restartedMain] j.LocalContainerEntityManagerFactoryBean : Initialized JPA EntityManagerFactory for persistence unit 'default'
2023-07-25T12:46:31.830-04:00  INFO 13465 --- [restartedMain] o.s.d.j.r.query.QueryEnhancerFactory     : Hibernate is in classpath; If applicable, HQL parser will be used.
2023-07-25T12:46:31.977-04:00  WARN 13465 --- [restartedMain] JpaBaseConfiguration$JpaWebConfiguration : spring.jpa.open-in-view is enabled by default. Therefore, database queries may be performed during view rendering. Explicitly configure spring.jpa.open-in-view to disable this warning
2023-07-25T12:46:32.011-04:00  INFO 13465 --- [restartedMain] o.s.s.p.JdbcUserDetailsManager           : No authentication manager set. Reauthentication of users when changing passwords will not be performed.
2023-07-25T12:46:32.325-04:00  INFO 13465 --- [restartedMain] o.s.s.web.DefaultSecurityFilterChain     : Will secure any request with [org.springframework.security.web.session.DisableEncodeUrlFilter@5d687774, org.springframework.security.web.context.request.async.WebAsyncManagerIntegrationFilter@421eb375, org.springframework.security.web.context.SecurityContextHolderFilter@57a91206, org.springframework.security.web.header.HeaderWriterFilter@3d4482ff, org.springframework.security.web.authentication.logout.LogoutFilter@14a64926, org.springframework.security.web.authentication.UsernamePasswordAuthenticationFilter@2b03c0c1, org.springframework.security.web.authentication.ui.DefaultLoginPageGeneratingFilter@4cc2216d, org.springframework.security.web.authentication.ui.DefaultLogoutPageGeneratingFilter@52734a39, org.springframework.security.web.savedrequest.RequestCacheAwareFilter@e24b07d, org.springframework.security.web.servletapi.SecurityContextHolderAwareRequestFilter@39b32886, org.springframework.security.web.authentication.AnonymousAuthenticationFilter@712d77bc, org.springframework.security.web.access.ExceptionTranslationFilter@60bc599f, org.springframework.security.web.access.intercept.AuthorizationFilter@722fc476]
2023-07-25T12:46:32.584-04:00  INFO 13465 --- [restartedMain] o.s.b.d.a.OptionalLiveReloadServer       : LiveReload server is running on port 35729
2023-07-25T12:46:32.618-04:00  INFO 13465 --- [restartedMain] o.s.b.w.embedded.tomcat.TomcatWebServer  : Tomcat started on port(s): 8080 (http) with context path ''
2023-07-25T12:46:32.631-04:00  INFO 13465 --- [restartedMain] com.mz.bdleather.BdLeatherApplication    : Started BdLeatherApplication in 4.693 seconds (process running for 5.558)
2023-07-25T12:47:18.716-04:00  INFO 13465 --- [File Watcher] rtingClassPathChangeChangedEventListener : Restarting due to 1 class path change (0 additions, 0 deletions, 1 modification)
2023-07-25T12:47:18.769-04:00  INFO 13465 --- [Thread-5] j.LocalContainerEntityManagerFactoryBean : Closing JPA EntityManagerFactory for persistence unit 'default'
2023-07-25T12:47:18.991-04:00  INFO 13465 --- [restartedMain] com.mz.bdleather.BdLeatherApplication    : Starting BdLeatherApplication using Java 17.0.7 with PID 13465 (/Users/amzadhossain/git/business_site/target/classes started by amzadhossain in /Users/amzadhossain/git/business_site)
2023-07-25T12:47:18.991-04:00 DEBUG 13465 --- [restartedMain] com.mz.bdleather.BdLeatherApplication    : Running with Spring Boot v3.1.1, Spring v6.0.10
2023-07-25T12:47:18.992-04:00  INFO 13465 --- [restartedMain] com.mz.bdleather.BdLeatherApplication    : The following 1 profile is active: "dev"
2023-07-25T12:47:19.281-04:00  INFO 13465 --- [restartedMain] .s.d.r.c.RepositoryConfigurationDelegate : Bootstrapping Spring Data JPA repositories in DEFAULT mode.
2023-07-25T12:47:19.301-04:00  INFO 13465 --- [restartedMain] .s.d.r.c.RepositoryConfigurationDelegate : Finished Spring Data repository scanning in 20 ms. Found 3 JPA repository interfaces.
2023-07-25T12:47:19.450-04:00  INFO 13465 --- [restartedMain] o.s.b.w.embedded.tomcat.TomcatWebServer  : Tomcat initialized with port(s): 8080 (http)
2023-07-25T12:47:19.477-04:00  INFO 13465 --- [restartedMain] w.s.c.ServletWebServerApplicationContext : Root WebApplicationContext: initialization completed in 478 ms
2023-07-25T12:47:19.526-04:00  INFO 13465 --- [restartedMain] o.s.o.j.p.SpringPersistenceUnitInfo      : No LoadTimeWeaver setup: ignoring JPA class transformer
2023-07-25T12:47:19.690-04:00  INFO 13465 --- [restartedMain] j.LocalContainerEntityManagerFactoryBean : Initialized JPA EntityManagerFactory for persistence unit 'default'
2023-07-25T12:47:19.892-04:00  WARN 13465 --- [restartedMain] JpaBaseConfiguration$JpaWebConfiguration : spring.jpa.open-in-view is enabled by default. Therefore, database queries may be performed during view rendering. Explicitly configure spring.jpa.open-in-view to disable this warning
2023-07-25T12:47:19.904-04:00  INFO 13465 --- [restartedMain] o.s.s.p.JdbcUserDetailsManager           : No authentication manager set. Reauthentication of users when changing passwords will not be performed.
2023-07-25T12:47:20.022-04:00  INFO 13465 --- [restartedMain] o.s.s.web.DefaultSecurityFilterChain     : Will secure any request with [org.springframework.security.web.session.DisableEncodeUrlFilter@275f1f1e, org.springframework.security.web.context.request.async.WebAsyncManagerIntegrationFilter@6e00a9d0, org.springframework.security.web.context.SecurityContextHolderFilter@1cf317fa, org.springframework.security.web.header.HeaderWriterFilter@f5a9db9, org.springframework.security.web.authentication.logout.LogoutFilter@636f07c0, org.springframework.security.web.authentication.UsernamePasswordAuthenticationFilter@3c155e5b, org.springframework.security.web.authentication.ui.DefaultLoginPageGeneratingFilter@322236d8, org.springframework.security.web.authentication.ui.DefaultLogoutPageGeneratingFilter@3f1db1f8, org.springframework.security.web.savedrequest.RequestCacheAwareFilter@4302ca46, org.springframework.security.web.servletapi.SecurityContextHolderAwareRequestFilter@69ced90d, org.springframework.security.web.authentication.AnonymousAuthenticationFilter@29ecd7c6, org.springframework.security.web.access.ExceptionTranslationFilter@488c5d46, org.springframework.security.web.access.intercept.AuthorizationFilter@5fc1d1b1]
2023-07-25T12:47:20.101-04:00  INFO 13465 --- [restartedMain] o.s.b.d.a.OptionalLiveReloadServer       : LiveReload server is running on port 35729
2023-07-25T12:47:20.117-04:00  INFO 13465 --- [restartedMain] o.s.b.w.embedded.tomcat.TomcatWebServer  : Tomcat started on port(s): 8080 (http) with context path ''
2023-07-25T12:47:20.136-04:00  INFO 13465 --- [restartedMain] com.mz.bdleather.BdLeatherApplication    : Started BdLeatherApplication in 1.229 seconds (process running for 53.063)
2023-07-25T12:47:20.143-04:00  INFO 13465 --- [restartedMain] .ConditionEvaluationDeltaLoggingListener : Condition evaluation unchanged
2023-07-25T12:47:36.162-04:00  INFO 13465 --- [http-nio-8080-exec-1] o.s.web.servlet.DispatcherServlet        : Initializing Servlet 'dispatcherServlet'
2023-07-25T12:47:36.166-04:00  INFO 13465 --- [http-nio-8080-exec-1] o.s.web.servlet.DispatcherServlet        : Completed initialization in 3 ms
2023-07-25T12:51:09.871-04:00  INFO 13465 --- [File Watcher] rtingClassPathChangeChangedEventListener : Restarting due to 1 class path change (0 additions, 0 deletions, 1 modification)
2023-07-25T12:51:09.933-04:00  INFO 13465 --- [Thread-7] j.LocalContainerEntityManagerFactoryBean : Closing JPA EntityManagerFactory for persistence unit 'default'
2023-07-25T12:51:10.274-04:00  INFO 13465 --- [restartedMain] com.mz.bdleather.BdLeatherApplication    : Starting BdLeatherApplication using Java 17.0.7 with PID 13465 (/Users/amzadhossain/git/business_site/target/classes started by amzadhossain in /Users/amzadhossain/git/business_site)
2023-07-25T12:51:10.275-04:00 DEBUG 13465 --- [restartedMain] com.mz.bdleather.BdLeatherApplication    : Running with Spring Boot v3.1.1, Spring v6.0.10
2023-07-25T12:51:10.275-04:00  INFO 13465 --- [restartedMain] com.mz.bdleather.BdLeatherApplication    : The following 1 profile is active: "dev"
2023-07-25T12:51:10.622-04:00  INFO 13465 --- [restartedMain] .s.d.r.c.RepositoryConfigurationDelegate : Bootstrapping Spring Data JPA repositories in DEFAULT mode.
2023-07-25T12:51:10.637-04:00  INFO 13465 --- [restartedMain] .s.d.r.c.RepositoryConfigurationDelegate : Finished Spring Data repository scanning in 15 ms. Found 3 JPA repository interfaces.
2023-07-25T12:51:10.818-04:00  INFO 13465 --- [restartedMain] o.s.b.w.embedded.tomcat.TomcatWebServer  : Tomcat initialized with port(s): 8080 (http)
2023-07-25T12:51:10.831-04:00  INFO 13465 --- [restartedMain] w.s.c.ServletWebServerApplicationContext : Root WebApplicationContext: initialization completed in 550 ms
2023-07-25T12:51:10.888-04:00  INFO 13465 --- [restartedMain] o.s.o.j.p.SpringPersistenceUnitInfo      : No LoadTimeWeaver setup: ignoring JPA class transformer
2023-07-25T12:51:11.052-04:00  INFO 13465 --- [restartedMain] j.LocalContainerEntityManagerFactoryBean : Initialized JPA EntityManagerFactory for persistence unit 'default'
2023-07-25T12:51:11.174-04:00  WARN 13465 --- [restartedMain] JpaBaseConfiguration$JpaWebConfiguration : spring.jpa.open-in-view is enabled by default. Therefore, database queries may be performed during view rendering. Explicitly configure spring.jpa.open-in-view to disable this warning
2023-07-25T12:51:11.180-04:00  INFO 13465 --- [restartedMain] o.s.s.p.JdbcUserDetailsManager           : No authentication manager set. Reauthentication of users when changing passwords will not be performed.
2023-07-25T12:51:11.250-04:00  INFO 13465 --- [restartedMain] o.s.s.web.DefaultSecurityFilterChain     : Will secure any request with [org.springframework.security.web.session.DisableEncodeUrlFilter@7a173367, org.springframework.security.web.context.request.async.WebAsyncManagerIntegrationFilter@721d4916, org.springframework.security.web.context.SecurityContextHolderFilter@44856f5f, org.springframework.security.web.header.HeaderWriterFilter@28cde20a, org.springframework.security.web.authentication.logout.LogoutFilter@6e22dcf7, org.springframework.security.web.authentication.UsernamePasswordAuthenticationFilter@22a82b1, org.springframework.security.web.authentication.ui.DefaultLoginPageGeneratingFilter@2c8712a4, org.springframework.security.web.authentication.ui.DefaultLogoutPageGeneratingFilter@5f5eeb92, org.springframework.security.web.savedrequest.RequestCacheAwareFilter@3a82e35a, org.springframework.security.web.servletapi.SecurityContextHolderAwareRequestFilter@6b1d707f, org.springframework.security.web.authentication.AnonymousAuthenticationFilter@9b7d5c2, org.springframework.security.web.access.ExceptionTranslationFilter@8db32bf, org.springframework.security.web.access.intercept.AuthorizationFilter@7a3afa95]
2023-07-25T12:51:11.300-04:00  INFO 13465 --- [restartedMain] o.s.b.d.a.OptionalLiveReloadServer       : LiveReload server is running on port 35729
2023-07-25T12:51:11.318-04:00  INFO 13465 --- [restartedMain] o.s.b.w.embedded.tomcat.TomcatWebServer  : Tomcat started on port(s): 8080 (http) with context path ''
2023-07-25T12:51:11.325-04:00  INFO 13465 --- [restartedMain] com.mz.bdleather.BdLeatherApplication    : Started BdLeatherApplication in 1.12 seconds (process running for 284.249)
2023-07-25T12:51:11.329-04:00  INFO 13465 --- [restartedMain] .ConditionEvaluationDeltaLoggingListener : Condition evaluation unchanged
2023-07-25T12:51:40.104-04:00  INFO 13465 --- [File Watcher] rtingClassPathChangeChangedEventListener : Restarting due to 1 class path change (0 additions, 0 deletions, 1 modification)
2023-07-25T12:51:40.145-04:00  INFO 13465 --- [Thread-11] j.LocalContainerEntityManagerFactoryBean : Closing JPA EntityManagerFactory for persistence unit 'default'
2023-07-25T12:51:40.371-04:00  INFO 13465 --- [restartedMain] com.mz.bdleather.BdLeatherApplication    : Starting BdLeatherApplication using Java 17.0.7 with PID 13465 (/Users/amzadhossain/git/business_site/target/classes started by amzadhossain in /Users/amzadhossain/git/business_site)
2023-07-25T12:51:40.373-04:00 DEBUG 13465 --- [restartedMain] com.mz.bdleather.BdLeatherApplication    : Running with Spring Boot v3.1.1, Spring v6.0.10
2023-07-25T12:51:40.373-04:00  INFO 13465 --- [restartedMain] com.mz.bdleather.BdLeatherApplication    : The following 1 profile is active: "dev"
2023-07-25T12:51:40.547-04:00  INFO 13465 --- [restartedMain] .s.d.r.c.RepositoryConfigurationDelegate : Bootstrapping Spring Data JPA repositories in DEFAULT mode.
2023-07-25T12:51:40.563-04:00  INFO 13465 --- [restartedMain] .s.d.r.c.RepositoryConfigurationDelegate : Finished Spring Data repository scanning in 15 ms. Found 3 JPA repository interfaces.
2023-07-25T12:51:40.712-04:00  INFO 13465 --- [restartedMain] o.s.b.w.embedded.tomcat.TomcatWebServer  : Tomcat initialized with port(s): 8080 (http)
2023-07-25T12:51:40.728-04:00  INFO 13465 --- [restartedMain] w.s.c.ServletWebServerApplicationContext : Root WebApplicationContext: initialization completed in 340 ms
2023-07-25T12:51:40.765-04:00  INFO 13465 --- [restartedMain] o.s.o.j.p.SpringPersistenceUnitInfo      : No LoadTimeWeaver setup: ignoring JPA class transformer
2023-07-25T12:51:40.911-04:00  INFO 13465 --- [restartedMain] j.LocalContainerEntityManagerFactoryBean : Initialized JPA EntityManagerFactory for persistence unit 'default'
2023-07-25T12:51:41.029-04:00  WARN 13465 --- [restartedMain] JpaBaseConfiguration$JpaWebConfiguration : spring.jpa.open-in-view is enabled by default. Therefore, database queries may be performed during view rendering. Explicitly configure spring.jpa.open-in-view to disable this warning
2023-07-25T12:51:41.036-04:00  INFO 13465 --- [restartedMain] o.s.s.p.JdbcUserDetailsManager           : No authentication manager set. Reauthentication of users when changing passwords will not be performed.
2023-07-25T12:51:41.107-04:00  INFO 13465 --- [restartedMain] o.s.s.web.DefaultSecurityFilterChain     : Will secure any request with [org.springframework.security.web.session.DisableEncodeUrlFilter@5b20ee7c, org.springframework.security.web.context.request.async.WebAsyncManagerIntegrationFilter@25c65417, org.springframework.security.web.context.SecurityContextHolderFilter@8c28778, org.springframework.security.web.header.HeaderWriterFilter@2a590268, org.springframework.security.web.authentication.logout.LogoutFilter@6fbef422, org.springframework.security.web.authentication.UsernamePasswordAuthenticationFilter@43270dde, org.springframework.security.web.authentication.ui.DefaultLoginPageGeneratingFilter@530d94ef, org.springframework.security.web.authentication.ui.DefaultLogoutPageGeneratingFilter@4ee2a669, org.springframework.security.web.savedrequest.RequestCacheAwareFilter@646883c5, org.springframework.security.web.servletapi.SecurityContextHolderAwareRequestFilter@31a59af1, org.springframework.security.web.authentication.AnonymousAuthenticationFilter@35500b96, org.springframework.security.web.access.ExceptionTranslationFilter@5cf12d34, org.springframework.security.web.access.intercept.AuthorizationFilter@4dc4d16f]
2023-07-25T12:51:41.152-04:00  INFO 13465 --- [restartedMain] o.s.b.d.a.OptionalLiveReloadServer       : LiveReload server is running on port 35729
2023-07-25T12:51:41.165-04:00  INFO 13465 --- [restartedMain] o.s.b.w.embedded.tomcat.TomcatWebServer  : Tomcat started on port(s): 8080 (http) with context path ''
2023-07-25T12:51:41.171-04:00  INFO 13465 --- [restartedMain] com.mz.bdleather.BdLeatherApplication    : Started BdLeatherApplication in 0.861 seconds (process running for 314.094)
2023-07-25T12:51:41.173-04:00  INFO 13465 --- [restartedMain] .ConditionEvaluationDeltaLoggingListener : Condition evaluation unchanged
2023-07-25T12:52:02.582-04:00  INFO 13465 --- [http-nio-8080-exec-1] o.s.web.servlet.DispatcherServlet        : Initializing Servlet 'dispatcherServlet'
2023-07-25T12:52:02.593-04:00  INFO 13465 --- [http-nio-8080-exec-1] o.s.web.servlet.DispatcherServlet        : Completed initialization in 7 ms
2023-07-25T12:57:23.612-04:00  INFO 13465 --- [File Watcher] rtingClassPathChangeChangedEventListener : Restarting due to 1 class path change (0 additions, 0 deletions, 1 modification)
2023-07-25T12:57:23.643-04:00  INFO 13465 --- [Thread-15] j.LocalContainerEntityManagerFactoryBean : Closing JPA EntityManagerFactory for persistence unit 'default'
2023-07-25T12:57:23.878-04:00  INFO 13465 --- [restartedMain] com.mz.bdleather.BdLeatherApplication    : Starting BdLeatherApplication using Java 17.0.7 with PID 13465 (/Users/amzadhossain/git/business_site/target/classes started by amzadhossain in /Users/amzadhossain/git/business_site)
2023-07-25T12:57:23.879-04:00 DEBUG 13465 --- [restartedMain] com.mz.bdleather.BdLeatherApplication    : Running with Spring Boot v3.1.1, Spring v6.0.10
2023-07-25T12:57:23.879-04:00  INFO 13465 --- [restartedMain] com.mz.bdleather.BdLeatherApplication    : The following 1 profile is active: "dev"
2023-07-25T12:57:24.055-04:00  INFO 13465 --- [restartedMain] .s.d.r.c.RepositoryConfigurationDelegate : Bootstrapping Spring Data JPA repositories in DEFAULT mode.
2023-07-25T12:57:24.066-04:00  INFO 13465 --- [restartedMain] .s.d.r.c.RepositoryConfigurationDelegate : Finished Spring Data repository scanning in 10 ms. Found 3 JPA repository interfaces.
2023-07-25T12:57:24.356-04:00  INFO 13465 --- [restartedMain] o.s.b.w.embedded.tomcat.TomcatWebServer  : Tomcat initialized with port(s): 8080 (http)
2023-07-25T12:57:24.368-04:00  INFO 13465 --- [restartedMain] w.s.c.ServletWebServerApplicationContext : Root WebApplicationContext: initialization completed in 482 ms
2023-07-25T12:57:24.429-04:00  INFO 13465 --- [restartedMain] o.s.o.j.p.SpringPersistenceUnitInfo      : No LoadTimeWeaver setup: ignoring JPA class transformer
2023-07-25T12:57:24.548-04:00  INFO 13465 --- [restartedMain] j.LocalContainerEntityManagerFactoryBean : Initialized JPA EntityManagerFactory for persistence unit 'default'
2023-07-25T12:57:24.677-04:00  WARN 13465 --- [restartedMain] JpaBaseConfiguration$JpaWebConfiguration : spring.jpa.open-in-view is enabled by default. Therefore, database queries may be performed during view rendering. Explicitly configure spring.jpa.open-in-view to disable this warning
2023-07-25T12:57:24.686-04:00  INFO 13465 --- [restartedMain] o.s.s.p.JdbcUserDetailsManager           : No authentication manager set. Reauthentication of users when changing passwords will not be performed.
2023-07-25T12:57:24.795-04:00  INFO 13465 --- [restartedMain] o.s.s.web.DefaultSecurityFilterChain     : Will secure any request with [org.springframework.security.web.session.DisableEncodeUrlFilter@1870905, org.springframework.security.web.context.request.async.WebAsyncManagerIntegrationFilter@36e17bb8, org.springframework.security.web.context.SecurityContextHolderFilter@17f5c851, org.springframework.security.web.header.HeaderWriterFilter@3dc564b0, org.springframework.security.web.authentication.logout.LogoutFilter@41b1dd5d, org.springframework.security.web.authentication.UsernamePasswordAuthenticationFilter@590267f4, org.springframework.security.web.authentication.ui.DefaultLoginPageGeneratingFilter@137fadbc, org.springframework.security.web.authentication.ui.DefaultLogoutPageGeneratingFilter@6d59d1d4, org.springframework.security.web.savedrequest.RequestCacheAwareFilter@20706305, org.springframework.security.web.servletapi.SecurityContextHolderAwareRequestFilter@509a949, org.springframework.security.web.authentication.AnonymousAuthenticationFilter@27ae364c, org.springframework.security.web.access.ExceptionTranslationFilter@75ca12d0, org.springframework.security.web.access.intercept.AuthorizationFilter@1ad8377f]
2023-07-25T12:57:24.862-04:00  INFO 13465 --- [restartedMain] o.s.b.d.a.OptionalLiveReloadServer       : LiveReload server is running on port 35729
2023-07-25T12:57:24.878-04:00  INFO 13465 --- [restartedMain] o.s.b.w.embedded.tomcat.TomcatWebServer  : Tomcat started on port(s): 8080 (http) with context path ''
2023-07-25T12:57:24.885-04:00  INFO 13465 --- [restartedMain] com.mz.bdleather.BdLeatherApplication    : Started BdLeatherApplication in 1.086 seconds (process running for 657.805)
2023-07-25T12:57:24.887-04:00  INFO 13465 --- [restartedMain] .ConditionEvaluationDeltaLoggingListener : Condition evaluation unchanged
2023-07-25T12:58:28.344-04:00  INFO 13465 --- [http-nio-8080-exec-2] o.s.web.servlet.DispatcherServlet        : Initializing Servlet 'dispatcherServlet'
2023-07-25T12:58:28.364-04:00  INFO 13465 --- [http-nio-8080-exec-2] o.s.web.servlet.DispatcherServlet        : Completed initialization in 17 ms
2023-07-25T13:05:41.789-04:00  INFO 13465 --- [File Watcher] rtingClassPathChangeChangedEventListener : Restarting due to 1 class path change (0 additions, 0 deletions, 1 modification)
2023-07-25T13:05:41.820-04:00  INFO 13465 --- [Thread-19] j.LocalContainerEntityManagerFactoryBean : Closing JPA EntityManagerFactory for persistence unit 'default'
2023-07-25T13:05:42.184-04:00  INFO 13465 --- [restartedMain] com.mz.bdleather.BdLeatherApplication    : Starting BdLeatherApplication using Java 17.0.7 with PID 13465 (/Users/amzadhossain/git/business_site/target/classes started by amzadhossain in /Users/amzadhossain/git/business_site)
2023-07-25T13:05:42.185-04:00 DEBUG 13465 --- [restartedMain] com.mz.bdleather.BdLeatherApplication    : Running with Spring Boot v3.1.1, Spring v6.0.10
2023-07-25T13:05:42.185-04:00  INFO 13465 --- [restartedMain] com.mz.bdleather.BdLeatherApplication    : The following 1 profile is active: "dev"
2023-07-25T13:05:42.490-04:00  INFO 13465 --- [restartedMain] .s.d.r.c.RepositoryConfigurationDelegate : Bootstrapping Spring Data JPA repositories in DEFAULT mode.
2023-07-25T13:05:42.517-04:00  INFO 13465 --- [restartedMain] .s.d.r.c.RepositoryConfigurationDelegate : Finished Spring Data repository scanning in 26 ms. Found 3 JPA repository interfaces.
2023-07-25T13:05:42.683-04:00  INFO 13465 --- [restartedMain] o.s.b.w.embedded.tomcat.TomcatWebServer  : Tomcat initialized with port(s): 8080 (http)
2023-07-25T13:05:42.694-04:00  INFO 13465 --- [restartedMain] w.s.c.ServletWebServerApplicationContext : Root WebApplicationContext: initialization completed in 500 ms
2023-07-25T13:05:42.782-04:00  INFO 13465 --- [restartedMain] o.s.o.j.p.SpringPersistenceUnitInfo      : No LoadTimeWeaver setup: ignoring JPA class transformer
2023-07-25T13:05:42.933-04:00  INFO 13465 --- [restartedMain] j.LocalContainerEntityManagerFactoryBean : Initialized JPA EntityManagerFactory for persistence unit 'default'
2023-07-25T13:05:43.060-04:00  WARN 13465 --- [restartedMain] JpaBaseConfiguration$JpaWebConfiguration : spring.jpa.open-in-view is enabled by default. Therefore, database queries may be performed during view rendering. Explicitly configure spring.jpa.open-in-view to disable this warning
2023-07-25T13:05:43.066-04:00  INFO 13465 --- [restartedMain] o.s.s.p.JdbcUserDetailsManager           : No authentication manager set. Reauthentication of users when changing passwords will not be performed.
2023-07-25T13:05:43.141-04:00  INFO 13465 --- [restartedMain] o.s.s.web.DefaultSecurityFilterChain     : Will secure any request with [org.springframework.security.web.session.DisableEncodeUrlFilter@4b71c922, org.springframework.security.web.context.request.async.WebAsyncManagerIntegrationFilter@321ecc0a, org.springframework.security.web.context.SecurityContextHolderFilter@530ec813, org.springframework.security.web.header.HeaderWriterFilter@6010d2, org.springframework.security.web.authentication.logout.LogoutFilter@629bba1d, org.springframework.security.web.authentication.UsernamePasswordAuthenticationFilter@3af3940a, org.springframework.security.web.authentication.ui.DefaultLoginPageGeneratingFilter@27ef1a4, org.springframework.security.web.authentication.ui.DefaultLogoutPageGeneratingFilter@54ae2826, org.springframework.security.web.savedrequest.RequestCacheAwareFilter@ea1b9f3, org.springframework.security.web.servletapi.SecurityContextHolderAwareRequestFilter@29887a5, org.springframework.security.web.authentication.AnonymousAuthenticationFilter@72dbb57d, org.springframework.security.web.access.ExceptionTranslationFilter@22e5ca08, org.springframework.security.web.access.intercept.AuthorizationFilter@41b4ec5b]
2023-07-25T13:05:43.203-04:00  INFO 13465 --- [restartedMain] o.s.b.d.a.OptionalLiveReloadServer       : LiveReload server is running on port 35729
2023-07-25T13:05:43.218-04:00  INFO 13465 --- [restartedMain] o.s.b.w.embedded.tomcat.TomcatWebServer  : Tomcat started on port(s): 8080 (http) with context path ''
2023-07-25T13:05:43.223-04:00  INFO 13465 --- [restartedMain] com.mz.bdleather.BdLeatherApplication    : Started BdLeatherApplication in 1.149 seconds (process running for 1156.137)
2023-07-25T13:05:43.226-04:00  INFO 13465 --- [restartedMain] .ConditionEvaluationDeltaLoggingListener : Condition evaluation unchanged
2023-07-25T13:06:12.697-04:00  INFO 13465 --- [http-nio-8080-exec-2] o.s.web.servlet.DispatcherServlet        : Initializing Servlet 'dispatcherServlet'
2023-07-25T13:06:12.713-04:00  INFO 13465 --- [http-nio-8080-exec-2] o.s.web.servlet.DispatcherServlet        : Completed initialization in 13 ms
2023-07-25T13:15:54.645-04:00  INFO 13465 --- [File Watcher] rtingClassPathChangeChangedEventListener : Restarting due to 1 class path change (0 additions, 0 deletions, 1 modification)
2023-07-25T13:15:54.694-04:00  INFO 13465 --- [Thread-23] j.LocalContainerEntityManagerFactoryBean : Closing JPA EntityManagerFactory for persistence unit 'default'
2023-07-25T13:15:54.980-04:00  INFO 13465 --- [restartedMain] com.mz.bdleather.BdLeatherApplication    : Starting BdLeatherApplication using Java 17.0.7 with PID 13465 (/Users/amzadhossain/git/business_site/target/classes started by amzadhossain in /Users/amzadhossain/git/business_site)
2023-07-25T13:15:54.981-04:00 DEBUG 13465 --- [restartedMain] com.mz.bdleather.BdLeatherApplication    : Running with Spring Boot v3.1.1, Spring v6.0.10
2023-07-25T13:15:54.981-04:00  INFO 13465 --- [restartedMain] com.mz.bdleather.BdLeatherApplication    : The following 1 profile is active: "dev"
2023-07-25T13:15:55.163-04:00  INFO 13465 --- [restartedMain] .s.d.r.c.RepositoryConfigurationDelegate : Bootstrapping Spring Data JPA repositories in DEFAULT mode.
2023-07-25T13:15:55.176-04:00  INFO 13465 --- [restartedMain] .s.d.r.c.RepositoryConfigurationDelegate : Finished Spring Data repository scanning in 11 ms. Found 3 JPA repository interfaces.
2023-07-25T13:15:55.311-04:00  INFO 13465 --- [restartedMain] o.s.b.w.embedded.tomcat.TomcatWebServer  : Tomcat initialized with port(s): 8080 (http)
2023-07-25T13:15:55.333-04:00  INFO 13465 --- [restartedMain] w.s.c.ServletWebServerApplicationContext : Root WebApplicationContext: initialization completed in 342 ms
2023-07-25T13:15:55.390-04:00  INFO 13465 --- [restartedMain] o.s.o.j.p.SpringPersistenceUnitInfo      : No LoadTimeWeaver setup: ignoring JPA class transformer
2023-07-25T13:15:55.519-04:00  INFO 13465 --- [restartedMain] j.LocalContainerEntityManagerFactoryBean : Initialized JPA EntityManagerFactory for persistence unit 'default'
2023-07-25T13:15:55.659-04:00  WARN 13465 --- [restartedMain] JpaBaseConfiguration$JpaWebConfiguration : spring.jpa.open-in-view is enabled by default. Therefore, database queries may be performed during view rendering. Explicitly configure spring.jpa.open-in-view to disable this warning
2023-07-25T13:15:55.682-04:00  INFO 13465 --- [restartedMain] o.s.s.p.JdbcUserDetailsManager           : No authentication manager set. Reauthentication of users when changing passwords will not be performed.
2023-07-25T13:15:55.757-04:00  INFO 13465 --- [restartedMain] o.s.s.web.DefaultSecurityFilterChain     : Will secure any request with [org.springframework.security.web.session.DisableEncodeUrlFilter@3a418bea, org.springframework.security.web.context.request.async.WebAsyncManagerIntegrationFilter@360bbcbc, org.springframework.security.web.context.SecurityContextHolderFilter@3b3a7958, org.springframework.security.web.header.HeaderWriterFilter@40790692, org.springframework.security.web.authentication.logout.LogoutFilter@69381a4c, org.springframework.security.web.authentication.UsernamePasswordAuthenticationFilter@1b5bc781, org.springframework.security.web.authentication.ui.DefaultLoginPageGeneratingFilter@590919b7, org.springframework.security.web.authentication.ui.DefaultLogoutPageGeneratingFilter@f97ad3f, org.springframework.security.web.savedrequest.RequestCacheAwareFilter@59d6c5fe, org.springframework.security.web.servletapi.SecurityContextHolderAwareRequestFilter@51ccd88a, org.springframework.security.web.authentication.AnonymousAuthenticationFilter@4a350483, org.springframework.security.web.access.ExceptionTranslationFilter@e30c45a, org.springframework.security.web.access.intercept.AuthorizationFilter@8362260]
2023-07-25T13:15:55.814-04:00  INFO 13465 --- [restartedMain] o.s.b.d.a.OptionalLiveReloadServer       : LiveReload server is running on port 35729
2023-07-25T13:15:55.835-04:00  INFO 13465 --- [restartedMain] o.s.b.w.embedded.tomcat.TomcatWebServer  : Tomcat started on port(s): 8080 (http) with context path ''
2023-07-25T13:15:55.840-04:00  INFO 13465 --- [restartedMain] com.mz.bdleather.BdLeatherApplication    : Started BdLeatherApplication in 0.972 seconds (process running for 1768.747)
2023-07-25T13:15:55.841-04:00  INFO 13465 --- [restartedMain] .ConditionEvaluationDeltaLoggingListener : Condition evaluation unchanged
2023-07-25T13:16:54.475-04:00  INFO 13465 --- [http-nio-8080-exec-3] o.s.web.servlet.DispatcherServlet        : Initializing Servlet 'dispatcherServlet'
2023-07-25T13:16:54.482-04:00  INFO 13465 --- [http-nio-8080-exec-3] o.s.web.servlet.DispatcherServlet        : Completed initialization in 5 ms
2023-07-25T13:21:03.813-04:00  INFO 13465 --- [File Watcher] rtingClassPathChangeChangedEventListener : Restarting due to 1 class path change (0 additions, 0 deletions, 1 modification)
2023-07-25T13:21:03.850-04:00  INFO 13465 --- [Thread-27] j.LocalContainerEntityManagerFactoryBean : Closing JPA EntityManagerFactory for persistence unit 'default'
2023-07-25T13:21:04.244-04:00  INFO 13465 --- [restartedMain] com.mz.bdleather.BdLeatherApplication    : Starting BdLeatherApplication using Java 17.0.7 with PID 13465 (/Users/amzadhossain/git/business_site/target/classes started by amzadhossain in /Users/amzadhossain/git/business_site)
2023-07-25T13:21:04.246-04:00 DEBUG 13465 --- [restartedMain] com.mz.bdleather.BdLeatherApplication    : Running with Spring Boot v3.1.1, Spring v6.0.10
2023-07-25T13:21:04.246-04:00  INFO 13465 --- [restartedMain] com.mz.bdleather.BdLeatherApplication    : The following 1 profile is active: "dev"
2023-07-25T13:21:04.471-04:00  INFO 13465 --- [restartedMain] .s.d.r.c.RepositoryConfigurationDelegate : Bootstrapping Spring Data JPA repositories in DEFAULT mode.
2023-07-25T13:21:04.485-04:00  INFO 13465 --- [restartedMain] .s.d.r.c.RepositoryConfigurationDelegate : Finished Spring Data repository scanning in 13 ms. Found 3 JPA repository interfaces.
2023-07-25T13:21:04.686-04:00  INFO 13465 --- [restartedMain] o.s.b.w.embedded.tomcat.TomcatWebServer  : Tomcat initialized with port(s): 8080 (http)
2023-07-25T13:21:04.700-04:00  INFO 13465 --- [restartedMain] w.s.c.ServletWebServerApplicationContext : Root WebApplicationContext: initialization completed in 447 ms
2023-07-25T13:21:04.766-04:00  INFO 13465 --- [restartedMain] o.s.o.j.p.SpringPersistenceUnitInfo      : No LoadTimeWeaver setup: ignoring JPA class transformer
2023-07-25T13:21:04.957-04:00  INFO 13465 --- [restartedMain] j.LocalContainerEntityManagerFactoryBean : Initialized JPA EntityManagerFactory for persistence unit 'default'
2023-07-25T13:21:05.096-04:00  WARN 13465 --- [restartedMain] JpaBaseConfiguration$JpaWebConfiguration : spring.jpa.open-in-view is enabled by default. Therefore, database queries may be performed during view rendering. Explicitly configure spring.jpa.open-in-view to disable this warning
2023-07-25T13:21:05.102-04:00  INFO 13465 --- [restartedMain] o.s.s.p.JdbcUserDetailsManager           : No authentication manager set. Reauthentication of users when changing passwords will not be performed.
2023-07-25T13:21:05.160-04:00  INFO 13465 --- [restartedMain] o.s.s.web.DefaultSecurityFilterChain     : Will secure any request with [org.springframework.security.web.session.DisableEncodeUrlFilter@ebcc703, org.springframework.security.web.context.request.async.WebAsyncManagerIntegrationFilter@68008681, org.springframework.security.web.context.SecurityContextHolderFilter@6215a584, org.springframework.security.web.header.HeaderWriterFilter@219857f8, org.springframework.security.web.authentication.logout.LogoutFilter@71909d25, org.springframework.security.web.authentication.UsernamePasswordAuthenticationFilter@7b3014f5, org.springframework.security.web.authentication.ui.DefaultLoginPageGeneratingFilter@1044cb9a, org.springframework.security.web.authentication.ui.DefaultLogoutPageGeneratingFilter@48c9bbaf, org.springframework.security.web.savedrequest.RequestCacheAwareFilter@26b117bf, org.springframework.security.web.servletapi.SecurityContextHolderAwareRequestFilter@73807585, org.springframework.security.web.authentication.AnonymousAuthenticationFilter@332589ff, org.springframework.security.web.access.ExceptionTranslationFilter@4ef372ee, org.springframework.security.web.access.intercept.AuthorizationFilter@3762e177]
2023-07-25T13:21:05.216-04:00  INFO 13465 --- [restartedMain] o.s.b.d.a.OptionalLiveReloadServer       : LiveReload server is running on port 35729
2023-07-25T13:21:05.227-04:00  INFO 13465 --- [restartedMain] o.s.b.w.embedded.tomcat.TomcatWebServer  : Tomcat started on port(s): 8080 (http) with context path ''
2023-07-25T13:21:05.230-04:00  INFO 13465 --- [restartedMain] com.mz.bdleather.BdLeatherApplication    : Started BdLeatherApplication in 1.082 seconds (process running for 2078.153)
2023-07-25T13:21:05.232-04:00  INFO 13465 --- [restartedMain] .ConditionEvaluationDeltaLoggingListener : Condition evaluation unchanged
2023-07-25T13:21:33.269-04:00  INFO 13465 --- [http-nio-8080-exec-3] o.s.web.servlet.DispatcherServlet        : Initializing Servlet 'dispatcherServlet'
2023-07-25T13:21:33.289-04:00  INFO 13465 --- [http-nio-8080-exec-3] o.s.web.servlet.DispatcherServlet        : Completed initialization in 14 ms
2023-07-25T13:26:32.536-04:00  INFO 13465 --- [File Watcher] rtingClassPathChangeChangedEventListener : Restarting due to 1 class path change (0 additions, 0 deletions, 1 modification)
2023-07-25T13:26:32.604-04:00  INFO 13465 --- [Thread-31] j.LocalContainerEntityManagerFactoryBean : Closing JPA EntityManagerFactory for persistence unit 'default'
2023-07-25T13:26:32.962-04:00  INFO 13465 --- [restartedMain] com.mz.bdleather.BdLeatherApplication    : Starting BdLeatherApplication using Java 17.0.7 with PID 13465 (/Users/amzadhossain/git/business_site/target/classes started by amzadhossain in /Users/amzadhossain/git/business_site)
2023-07-25T13:26:32.966-04:00 DEBUG 13465 --- [restartedMain] com.mz.bdleather.BdLeatherApplication    : Running with Spring Boot v3.1.1, Spring v6.0.10
2023-07-25T13:26:32.967-04:00  INFO 13465 --- [restartedMain] com.mz.bdleather.BdLeatherApplication    : The following 1 profile is active: "dev"
2023-07-25T13:26:33.220-04:00  INFO 13465 --- [restartedMain] .s.d.r.c.RepositoryConfigurationDelegate : Bootstrapping Spring Data JPA repositories in DEFAULT mode.
2023-07-25T13:26:33.234-04:00  INFO 13465 --- [restartedMain] .s.d.r.c.RepositoryConfigurationDelegate : Finished Spring Data repository scanning in 12 ms. Found 3 JPA repository interfaces.
2023-07-25T13:26:33.400-04:00  INFO 13465 --- [restartedMain] o.s.b.w.embedded.tomcat.TomcatWebServer  : Tomcat initialized with port(s): 8080 (http)
2023-07-25T13:26:33.415-04:00  INFO 13465 --- [restartedMain] w.s.c.ServletWebServerApplicationContext : Root WebApplicationContext: initialization completed in 434 ms
2023-07-25T13:26:33.478-04:00  INFO 13465 --- [restartedMain] o.s.o.j.p.SpringPersistenceUnitInfo      : No LoadTimeWeaver setup: ignoring JPA class transformer
2023-07-25T13:26:33.679-04:00  INFO 13465 --- [restartedMain] j.LocalContainerEntityManagerFactoryBean : Initialized JPA EntityManagerFactory for persistence unit 'default'
2023-07-25T13:26:33.854-04:00  WARN 13465 --- [restartedMain] JpaBaseConfiguration$JpaWebConfiguration : spring.jpa.open-in-view is enabled by default. Therefore, database queries may be performed during view rendering. Explicitly configure spring.jpa.open-in-view to disable this warning
2023-07-25T13:26:33.861-04:00  INFO 13465 --- [restartedMain] o.s.s.p.JdbcUserDetailsManager           : No authentication manager set. Reauthentication of users when changing passwords will not be performed.
2023-07-25T13:26:33.931-04:00  INFO 13465 --- [restartedMain] o.s.s.web.DefaultSecurityFilterChain     : Will secure any request with [org.springframework.security.web.session.DisableEncodeUrlFilter@758aec88, org.springframework.security.web.context.request.async.WebAsyncManagerIntegrationFilter@421803aa, org.springframework.security.web.context.SecurityContextHolderFilter@4ea3258d, org.springframework.security.web.header.HeaderWriterFilter@3c5c0ddc, org.springframework.security.web.authentication.logout.LogoutFilter@c9c1140, org.springframework.security.web.authentication.UsernamePasswordAuthenticationFilter@1970e8f7, org.springframework.security.web.authentication.ui.DefaultLoginPageGeneratingFilter@6868d296, org.springframework.security.web.authentication.ui.DefaultLogoutPageGeneratingFilter@4f9d38e9, org.springframework.security.web.savedrequest.RequestCacheAwareFilter@75f8dcf9, org.springframework.security.web.servletapi.SecurityContextHolderAwareRequestFilter@34861b37, org.springframework.security.web.authentication.AnonymousAuthenticationFilter@513456bd, org.springframework.security.web.access.ExceptionTranslationFilter@1bcb5e97, org.springframework.security.web.access.intercept.AuthorizationFilter@269563bb]
2023-07-25T13:26:34.010-04:00  INFO 13465 --- [restartedMain] o.s.b.d.a.OptionalLiveReloadServer       : LiveReload server is running on port 35729
2023-07-25T13:26:34.023-04:00  INFO 13465 --- [restartedMain] o.s.b.w.embedded.tomcat.TomcatWebServer  : Tomcat started on port(s): 8080 (http) with context path ''
2023-07-25T13:26:34.029-04:00  INFO 13465 --- [restartedMain] com.mz.bdleather.BdLeatherApplication    : Started BdLeatherApplication in 1.152 seconds (process running for 2406.95)
2023-07-25T13:26:34.030-04:00  INFO 13465 --- [restartedMain] .ConditionEvaluationDeltaLoggingListener : Condition evaluation unchanged
2023-07-25T13:26:51.651-04:00  INFO 13465 --- [File Watcher] rtingClassPathChangeChangedEventListener : Restarting due to 1 class path change (0 additions, 0 deletions, 1 modification)
2023-07-25T13:26:51.680-04:00  INFO 13465 --- [Thread-35] j.LocalContainerEntityManagerFactoryBean : Closing JPA EntityManagerFactory for persistence unit 'default'
2023-07-25T13:26:51.992-04:00  INFO 13465 --- [restartedMain] com.mz.bdleather.BdLeatherApplication    : Starting BdLeatherApplication using Java 17.0.7 with PID 13465 (/Users/amzadhossain/git/business_site/target/classes started by amzadhossain in /Users/amzadhossain/git/business_site)
2023-07-25T13:26:51.995-04:00 DEBUG 13465 --- [restartedMain] com.mz.bdleather.BdLeatherApplication    : Running with Spring Boot v3.1.1, Spring v6.0.10
2023-07-25T13:26:51.995-04:00  INFO 13465 --- [restartedMain] com.mz.bdleather.BdLeatherApplication    : The following 1 profile is active: "dev"
2023-07-25T13:26:52.176-04:00  INFO 13465 --- [restartedMain] .s.d.r.c.RepositoryConfigurationDelegate : Bootstrapping Spring Data JPA repositories in DEFAULT mode.
2023-07-25T13:26:52.191-04:00  INFO 13465 --- [restartedMain] .s.d.r.c.RepositoryConfigurationDelegate : Finished Spring Data repository scanning in 14 ms. Found 3 JPA repository interfaces.
2023-07-25T13:26:52.384-04:00  INFO 13465 --- [restartedMain] o.s.b.w.embedded.tomcat.TomcatWebServer  : Tomcat initialized with port(s): 8080 (http)
2023-07-25T13:26:52.394-04:00  INFO 13465 --- [restartedMain] w.s.c.ServletWebServerApplicationContext : Root WebApplicationContext: initialization completed in 388 ms
2023-07-25T13:26:52.453-04:00  INFO 13465 --- [restartedMain] o.s.o.j.p.SpringPersistenceUnitInfo      : No LoadTimeWeaver setup: ignoring JPA class transformer
2023-07-25T13:26:52.597-04:00  INFO 13465 --- [restartedMain] j.LocalContainerEntityManagerFactoryBean : Initialized JPA EntityManagerFactory for persistence unit 'default'
2023-07-25T13:26:52.731-04:00  WARN 13465 --- [restartedMain] JpaBaseConfiguration$JpaWebConfiguration : spring.jpa.open-in-view is enabled by default. Therefore, database queries may be performed during view rendering. Explicitly configure spring.jpa.open-in-view to disable this warning
2023-07-25T13:26:52.742-04:00  INFO 13465 --- [restartedMain] o.s.s.p.JdbcUserDetailsManager           : No authentication manager set. Reauthentication of users when changing passwords will not be performed.
2023-07-25T13:26:52.833-04:00  INFO 13465 --- [restartedMain] o.s.s.web.DefaultSecurityFilterChain     : Will secure any request with [org.springframework.security.web.session.DisableEncodeUrlFilter@259a745c, org.springframework.security.web.context.request.async.WebAsyncManagerIntegrationFilter@2670d0de, org.springframework.security.web.context.SecurityContextHolderFilter@c7481a3, org.springframework.security.web.header.HeaderWriterFilter@4acaea10, org.springframework.security.web.authentication.logout.LogoutFilter@1070b0f8, org.springframework.security.web.authentication.UsernamePasswordAuthenticationFilter@30f8e5cb, org.springframework.security.web.authentication.ui.DefaultLoginPageGeneratingFilter@2da1180e, org.springframework.security.web.authentication.ui.DefaultLogoutPageGeneratingFilter@20877728, org.springframework.security.web.savedrequest.RequestCacheAwareFilter@1851a89e, org.springframework.security.web.servletapi.SecurityContextHolderAwareRequestFilter@30a6ee60, org.springframework.security.web.authentication.AnonymousAuthenticationFilter@5726084e, org.springframework.security.web.access.ExceptionTranslationFilter@4f8cea6e, org.springframework.security.web.access.intercept.AuthorizationFilter@326682ea]
2023-07-25T13:26:52.870-04:00  INFO 13465 --- [restartedMain] o.s.b.d.a.OptionalLiveReloadServer       : LiveReload server is running on port 35729
2023-07-25T13:26:52.880-04:00  INFO 13465 --- [restartedMain] o.s.b.w.embedded.tomcat.TomcatWebServer  : Tomcat started on port(s): 8080 (http) with context path ''
2023-07-25T13:26:52.891-04:00  INFO 13465 --- [restartedMain] com.mz.bdleather.BdLeatherApplication    : Started BdLeatherApplication in 0.984 seconds (process running for 2425.811)
2023-07-25T13:26:52.893-04:00  INFO 13465 --- [restartedMain] .ConditionEvaluationDeltaLoggingListener : Condition evaluation unchanged
2023-07-25T13:27:31.330-04:00  INFO 13465 --- [http-nio-8080-exec-1] o.s.web.servlet.DispatcherServlet        : Initializing Servlet 'dispatcherServlet'
2023-07-25T13:27:31.361-04:00  INFO 13465 --- [http-nio-8080-exec-1] o.s.web.servlet.DispatcherServlet        : Completed initialization in 10 ms
2023-07-25T13:28:36.806-04:00  INFO 13465 --- [RMI TCP Connection(77)-127.0.0.1] inMXBeanRegistrar$SpringApplicationAdmin : Application shutdown requested.
2023-07-25T13:28:36.843-04:00  INFO 13465 --- [RMI TCP Connection(77)-127.0.0.1] j.LocalContainerEntityManagerFactoryBean : Closing JPA EntityManagerFactory for persistence unit 'default'
